<?xml version="1.0" encoding="utf-8"?><testsuites name="pytest tests"><testsuite name="pytest" errors="0" failures="0" skipped="0" tests="15" time="2.246" timestamp="2026-09-11T05:31:22.923579+00:00" hostname="agent-env-3f550fb1-abad-41ee-814e-df5b159dce4e"><testcase classname="tests.test_ais_live" name="test_missing_key_no_demo" time="0.000" /><testcase classname="tests.test_ais_live" name="test_configured_key_flag" time="0.000" /><testcase classname="tests.test_ais_live" name="test_bbox_format_not_swapped" time="0.000" /><testcase classname="tests.test_ais_live" name="test_default_regions_in_indian_waters" time="0.000" /><testcase classname="tests.test_ais_live" name="test_validate_bbox_rejects_bad" time="0.000" /><testcase classname="tests.test_ais_live" name="test_expand_bbox_grows" time="0.000" /><testcase classname="tests.test_ais_live" name="test_position_report_parsing" time="0.005" /><testcase classname="tests.test_ais_live" name="test_class_b_parsing" time="0.000" /><testcase classname="tests.test_ais_live" name="test_invalid_coordinates_rejected" time="0.000" /><testcase classname="tests.test_ais_live" name="test_binary_frame_decoding" time="0.000" /><testcase classname="tests.test_ais_live" name="test_subscription_confirmation_and_handle" time="0.000" /><testcase classname="tests.test_ais_live" name="test_stale_vessels_removed" time="0.000" /><testcase classname="tests.test_ais_live" name="test_single_worker" time="0.001" /><testcase classname="tests.test_dashboard_summary" name="test_summary_5_real_2_pending_3_alerts_isolated" time="0.044" /><testcase classname="tests.test_dashboard_summary" name="test_live_summary_shape_and_invariants" time="1.449" /></testsuite></testsuites>