<?xml version="1.0" encoding="utf-8"?><testsuites name="pytest tests"><testsuite name="pytest" errors="0" failures="0" skipped="0" tests="19" time="55.103" timestamp="2026-09-08T17:37:19.319715+00:00" hostname="agent-env-3f550fb1-abad-41ee-814e-df5b159dce4e"><testcase classname="tests.test_iteration12.TestAuthCookies" name="test_login_sets_httponly_cookie" time="0.466" /><testcase classname="tests.test_iteration12.TestAuthCookies" name="test_me_with_cookie_only" time="0.453" /><testcase classname="tests.test_iteration12.TestAuthCookies" name="test_me_with_bearer_only" time="0.587" /><testcase classname="tests.test_iteration12.TestAuthCookies" name="test_sse_with_cookie_only" time="0.454" /><testcase classname="tests.test_iteration12.TestAuthCookies" name="test_sse_without_auth_401" time="0.174" /><testcase classname="tests.test_iteration12.TestAuthCookies" name="test_logout_clears_cookie" time="0.463" /><testcase classname="tests.test_iteration12.TestIcg" name="test_districts_list" time="0.492" /><testcase classname="tests.test_iteration12.TestIcg" name="test_geojson" time="0.478" /><testcase classname="tests.test_iteration12.TestIcg" name="test_resolve_mumbai" time="0.474" /><testcase classname="tests.test_iteration12.TestIcg" name="test_resolve_chennai" time="0.721" /><testcase classname="tests.test_iteration12.TestIcg" name="test_resolve_north_sea_null" time="0.460" /><testcase classname="tests.test_iteration12.TestIcg" name="test_analyst_put_forbidden" time="0.527" /><testcase classname="tests.test_iteration12.TestIcg" name="test_admin_put_and_reflected" time="0.607" /><testcase classname="tests.test_iteration12.TestIcg" name="test_case_icg_resolve" time="0.599" /><testcase classname="tests.test_iteration12.TestVulnerability" name="test_mumbai_case_vulnerability" time="0.556" /><testcase classname="tests.test_iteration12.TestVulnerability" name="test_north_sea_case_no_sites" time="0.617" /><testcase classname="tests.test_iteration12.TestVulnerability" name="test_enrich_job_graceful_fail" time="45.630" /><testcase classname="tests.test_iteration12.TestVulnerability" name="test_sensitive_sites" time="0.526" /><testcase classname="tests.test_iteration12.TestVulnerability" name="test_evidence_pdf_has_vulnerability_section" time="0.732" /></testsuite></testsuites>