<?xml version="1.0" encoding="utf-8"?><testsuites name="pytest tests"><testsuite name="pytest" errors="0" failures="1" skipped="0" tests="20" time="11.004" timestamp="2026-09-07T17:20:20.111660+00:00" hostname="agent-env-3f550fb1-abad-41ee-814e-df5b159dce4e"><testcase classname="tests.test_iteration7.TestDensity" name="test_density_basic" time="0.777" /><testcase classname="tests.test_iteration7.TestDensity" name="test_density_hours_cap" time="0.174" /><testcase classname="tests.test_iteration7.TestDensity" name="test_density_bbox_filter" time="0.159" /><testcase classname="tests.test_iteration7.TestDensity" name="test_density_bad_bbox" time="0.140" /><testcase classname="tests.test_iteration7.TestDensity" name="test_density_cache" time="0.275" /><testcase classname="tests.test_iteration7.TestSceneWatches" name="test_list_any_role" time="0.159" /><testcase classname="tests.test_iteration7.TestSceneWatches" name="test_analyst_cannot_create" time="0.150" /><testcase classname="tests.test_iteration7.TestSceneWatches" name="test_supervisor_create_and_bad_bbox" time="0.663" /><testcase classname="tests.test_iteration7.TestSceneWatches" name="test_full_supervisor_flow" time="1.244" /><testcase classname="tests.test_iteration7.TestSceneWatches" name="test_cron_endpoint" time="0.568" /><testcase classname="tests.test_iteration7.TestDetector" name="test_overlay" time="0.335" /><testcase classname="tests.test_iteration7.TestDetector" name="test_quicklook" time="0.882" /><testcase classname="tests.test_iteration7.TestDetector" name="test_detect" time="1.632"><failure message="AssertionError: assert None == 'dark_spot_detector'&#10; +  where None = &lt;built-in method get of dict object at 0xfe7a545d1b80&gt;('source')&#10; +    where &lt;built-in method get of dict object at 0xfe7a545d1b80&gt; = {'case_id': '8c2a0a6b-0ecb-4706-a9dc-d8d5c34a2276', 'case_number': 'SPL-20260904-015', 'confidence': 0.37, 'elongation': 2.3, ...}.get">backend/tests/test_iteration7.py:194: in test_detect
    assert case.get("source") == "dark_spot_detector"
E   AssertionError: assert None == 'dark_spot_detector'
E    +  where None = &lt;built-in method get of dict object at 0xfe7a545d1b80&gt;('source')
E    +    where &lt;built-in method get of dict object at 0xfe7a545d1b80&gt; = {'case_id': '8c2a0a6b-0ecb-4706-a9dc-d8d5c34a2276', 'case_number': 'SPL-20260904-015', 'confidence': 0.37, 'elongation': 2.3, ...}.get</failure></testcase><testcase classname="tests.test_iteration7.TestBeforeAfter" name="test_ba_s1" time="1.334" /><testcase classname="tests.test_iteration7.TestSpillEvents" name="test_list" time="0.137" /><testcase classname="tests.test_iteration7.TestSpillEvents" name="test_filters" time="0.133" /><testcase classname="tests.test_iteration7.TestRegression" name="test_all_roles_login" time="1.115" /><testcase classname="tests.test_iteration7.TestRegression" name="test_cases_list" time="0.154" /><testcase classname="tests.test_iteration7.TestRegression" name="test_zone_rules" time="0.175" /><testcase classname="tests.test_iteration7.TestRegression" name="test_evidence_pdf_dark_spot" time="0.683" /></testsuite></testsuites>