<?xml version="1.0" encoding="utf-8"?><testsuites name="pytest tests"><testsuite name="pytest" errors="0" failures="0" skipped="0" tests="19" time="24.983" timestamp="2026-09-07T16:31:43.517259+00:00" hostname="agent-env-3f550fb1-abad-41ee-814e-df5b159dce4e"><testcase classname="tests.test_iteration6" name="test_collections" time="0.727" /><testcase classname="tests.test_iteration6" name="test_search_bad_collection" time="0.157" /><testcase classname="tests.test_iteration6" name="test_search_bad_bbox" time="0.365" /><testcase classname="tests.test_iteration6" name="test_search_area_too_large" time="0.156" /><testcase classname="tests.test_iteration6" name="test_search_s1_shape" time="0.858" /><testcase classname="tests.test_iteration6" name="test_search_s2_max_cloud" time="0.703" /><testcase classname="tests.test_iteration6" name="test_preview_unknown_collection" time="0.176" /><testcase classname="tests.test_iteration6" name="test_preview_png" time="2.903" /><testcase classname="tests.test_iteration6" name="test_register_scene_shape" time="0.672" /><testcase classname="tests.test_iteration6" name="test_register_appears_in_scenes" time="0.188" /><testcase classname="tests.test_iteration6" name="test_register_idempotent" time="0.134" /><testcase classname="tests.test_iteration6" name="test_register_with_detect" time="0.897" /><testcase classname="tests.test_iteration6" name="test_live_status_default" time="0.229" /><testcase classname="tests.test_iteration6" name="test_live_settings_analyst_forbidden" time="0.159" /><testcase classname="tests.test_iteration6" name="test_live_settings_bad_bbox_shape" time="0.503" /><testcase classname="tests.test_iteration6" name="test_live_settings_too_many_bboxes" time="0.133" /><testcase classname="tests.test_iteration6" name="test_live_settings_admin_persist_and_recover" time="15.526" /><testcase classname="tests.test_iteration6" name="test_dashboard_loads" time="0.160" /><testcase classname="tests.test_iteration6" name="test_zone_rules_still_accessible" time="0.253" /></testsuite></testsuites>