<?xml version="1.0" encoding="utf-8"?><testsuites name="pytest tests"><testsuite name="pytest" errors="0" failures="1" skipped="0" tests="6" time="2.913" timestamp="2026-09-11T09:02:45.429525+00:00" hostname="agent-env-3f550fb1-abad-41ee-814e-df5b159dce4e"><testcase classname="tests.test_iteration26" name="test_cors_allowed_origin" time="0.166" /><testcase classname="tests.test_iteration26" name="test_cors_disallowed_origin" time="0.123" /><testcase classname="tests.test_iteration26" name="test_health_shape" time="0.146" /><testcase classname="tests.test_iteration26" name="test_why_this_vessel_factors_math" time="0.726"><failure message="KeyError: 0">tests/test_iteration26.py:55: in test_why_this_vessel_factors_math
    found = (cid, cands[0])
                  ^^^^^^^^
E   KeyError: 0</failure></testcase><testcase classname="tests.test_iteration26" name="test_provenance_shape" time="0.747" /><testcase classname="tests.test_iteration26" name="test_demo_summary_and_ais" time="0.677" /></testsuite></testsuites>