<?xml version="1.0" encoding="utf-8"?><testsuites name="pytest tests"><testsuite name="pytest" errors="0" failures="0" skipped="0" tests="21" time="30.275" timestamp="2026-09-10T22:46:07.539268+00:00" hostname="agent-env-3f550fb1-abad-41ee-814e-df5b159dce4e"><testcase classname="tests.test_dashboard_summary" name="test_summary_5_real_2_pending_3_alerts_isolated" time="0.148" /><testcase classname="tests.test_dashboard_summary" name="test_live_summary_shape_and_invariants" time="1.555" /><testcase classname="tests.test_global_jurisdiction" name="test_region_end_to_end[India / Mumbai / Arabian Sea]" time="2.097" /><testcase classname="tests.test_global_jurisdiction" name="test_region_end_to_end[Belgium / North Sea]" time="1.662" /><testcase classname="tests.test_global_jurisdiction" name="test_region_end_to_end[United Kingdom / North Sea]" time="1.786" /><testcase classname="tests.test_global_jurisdiction" name="test_region_end_to_end[United States / Gulf of Mexico]" time="2.170" /><testcase classname="tests.test_global_jurisdiction" name="test_region_end_to_end[Japan]" time="2.076" /><testcase classname="tests.test_global_jurisdiction" name="test_region_end_to_end[Persian Gulf (UAE)]" time="1.475" /><testcase classname="tests.test_global_jurisdiction" name="test_region_end_to_end[Strait of Malacca (Malaysia)]" time="1.578" /><testcase classname="tests.test_global_jurisdiction" name="test_international_waters_custom_aoi" time="0.951" /><testcase classname="tests.test_global_jurisdiction" name="test_large_aoi_split_and_antimeridian_and_viewport" time="1.572" /><testcase classname="tests.test_global_jurisdiction" name="test_sih_preset_and_clear" time="0.339" /><testcase classname="tests.test_sentinel_attach" name="test_nearest_worldwide_staged[arabian-sea]" time="2.261" /><testcase classname="tests.test_sentinel_attach" name="test_nearest_worldwide_staged[persian-gulf]" time="0.744" /><testcase classname="tests.test_sentinel_attach" name="test_nearest_worldwide_staged[north-sea]" time="0.775" /><testcase classname="tests.test_sentinel_attach" name="test_nearest_worldwide_staged[gulf-of-mexico]" time="0.631" /><testcase classname="tests.test_sentinel_attach" name="test_nearest_worldwide_staged[japan]" time="1.066" /><testcase classname="tests.test_sentinel_attach" name="test_nearest_worldwide_staged[malacca]" time="0.754" /><testcase classname="tests.test_sentinel_attach" name="test_invalid_and_reversed_coordinates" time="0.447" /><testcase classname="tests.test_sentinel_attach" name="test_no_coverage_small_window" time="0.744" /><testcase classname="tests.test_sentinel_attach" name="test_case_candidates_attach_persist_and_manual" time="4.614" /></testsuite></testsuites>