<?xml version="1.0" encoding="utf-8"?><testsuites name="pytest tests"><testsuite name="pytest" errors="0" failures="0" skipped="0" tests="10" time="21.869" timestamp="2026-09-08T15:43:06.059958+00:00" hostname="agent-env-3f550fb1-abad-41ee-814e-df5b159dce4e"><testcase classname="tests.test_iteration10.TestJurisdictions" name="test_list_includes_ind_zones" time="17.665" /><testcase classname="tests.test_iteration10.TestJurisdictions" name="test_geojson_has_zone_type" time="0.488" /><testcase classname="tests.test_iteration10.TestImportRBAC" name="test_analyst_forbidden" time="0.091" /><testcase classname="tests.test_iteration10.TestImportRBAC" name="test_invalid_layer_400" time="0.554" /><testcase classname="tests.test_iteration10.TestImportRBAC" name="test_admin_import_202" time="0.088" /><testcase classname="tests.test_iteration10.TestSpillZoneResolution" name="test_territorial_ts" time="0.136" /><testcase classname="tests.test_iteration10.TestSpillZoneResolution" name="test_contiguous_cz" time="0.138" /><testcase classname="tests.test_iteration10.TestSpillZoneResolution" name="test_eez" time="0.117" /><testcase classname="tests.test_iteration10.TestSpillZoneResolution" name="test_open_ocean_null" time="0.092" /><testcase classname="tests.test_iteration10.TestCandidateZones" name="test_correlate_spl001_has_zone" time="2.415" /></testsuite></testsuites>