<?xml version="1.0" encoding="utf-8"?><testsuites name="pytest tests"><testsuite name="pytest" errors="0" failures="0" skipped="0" tests="23" time="7.992" timestamp="2026-09-05T17:04:40.976427+00:00" hostname="agent-env-3f550fb1-abad-41ee-814e-df5b159dce4e"><testcase classname="tests.test_iteration3.TestPasswordReset" name="test_forgot_password_known_email" time="0.285" /><testcase classname="tests.test_iteration3.TestPasswordReset" name="test_forgot_password_unknown_email_no_enumeration" time="0.192" /><testcase classname="tests.test_iteration3.TestPasswordReset" name="test_reset_requests_admin_only" time="0.976" /><testcase classname="tests.test_iteration3.TestPasswordReset" name="test_reset_password_flow_and_reuse" time="2.225" /><testcase classname="tests.test_iteration3.TestCSVUpload" name="test_csv_preview" time="0.203" /><testcase classname="tests.test_iteration3.TestCSVUpload" name="test_csv_ingest_and_dedup" time="0.238" /><testcase classname="tests.test_iteration3.TestCSVUpload" name="test_csv_semicolon_lowercase" time="0.111" /><testcase classname="tests.test_iteration3.TestCSVUpload" name="test_csv_missing_required_no_mapping" time="0.131" /><testcase classname="tests.test_iteration3.TestCSVUpload" name="test_csv_empty" time="0.110" /><testcase classname="tests.test_iteration3.TestCSVUpload" name="test_csv_unauth" time="0.118" /><testcase classname="tests.test_iteration3.TestJurisdictions" name="test_seeded_zones" time="0.121" /><testcase classname="tests.test_iteration3.TestJurisdictions" name="test_geojson" time="0.107" /><testcase classname="tests.test_iteration3.TestJurisdictions" name="test_seeded_cases_have_jurisdiction" time="0.122" /><testcase classname="tests.test_iteration3.TestJurisdictions" name="test_spill_in_rotterdam_gets_ps" time="0.150" /><testcase classname="tests.test_iteration3.TestJurisdictions" name="test_spill_far_outside" time="0.193" /><testcase classname="tests.test_iteration3.TestJurisdictions" name="test_admin_zone_crud" time="0.942" /><testcase classname="tests.test_iteration3.TestJurisdictions" name="test_resolve_all" time="0.155" /><testcase classname="tests.test_iteration3.TestJurisdictions" name="test_resolve_case" time="0.266" /><testcase classname="tests.test_iteration3.TestJurisdictions" name="test_evidence_pdf_still_ok" time="0.476" /><testcase classname="tests.test_iteration3.TestVesselProfile" name="test_profile_known" time="0.132" /><testcase classname="tests.test_iteration3.TestVesselProfile" name="test_profile_decisions_after_review" time="0.386" /><testcase classname="tests.test_iteration3.TestVesselProfile" name="test_profile_unknown" time="0.124" /><testcase classname="tests.test_iteration3.TestVesselProfile" name="test_profile_unauth" time="0.122" /></testsuite></testsuites>