<?xml version="1.0" encoding="utf-8"?><testsuites name="pytest tests"><testsuite name="pytest" errors="0" failures="1" skipped="0" tests="29" time="9.439" timestamp="2026-09-08T07:14:05.267068+00:00" hostname="agent-env-3f550fb1-abad-41ee-814e-df5b159dce4e"><testcase classname="tests.test_iteration9.TestGazetteer" name="test_search_bombay" time="1.465"><failure message="AssertionError: assert 'bombay high' in 'cambay basin'&#10; +  where 'cambay basin' = &lt;built-in method lower of str object at 0xf818c3f1bcf0&gt;()&#10; +    where &lt;built-in method lower of str object at 0xf818c3f1bcf0&gt; = 'Cambay Basin'.lower">backend/tests/test_iteration9.py:54: in test_search_bombay
    assert "bombay high" in results[0]["name"].lower()
E   AssertionError: assert 'bombay high' in 'cambay basin'
E    +  where 'cambay basin' = &lt;built-in method lower of str object at 0xf818c3f1bcf0&gt;()
E    +    where &lt;built-in method lower of str object at 0xf818c3f1bcf0&gt; = 'Cambay Basin'.lower</failure></testcase><testcase classname="tests.test_iteration9.TestGazetteer" name="test_search_typo" time="0.210" /><testcase classname="tests.test_iteration9.TestGazetteer" name="test_search_kg_basin" time="0.187" /><testcase classname="tests.test_iteration9.TestGazetteer" name="test_search_netherlands_returns_eez" time="0.210" /><testcase classname="tests.test_iteration9.TestGazetteer" name="test_types" time="0.162" /><testcase classname="tests.test_iteration9.TestGazetteer" name="test_create_analyst_403" time="0.170" /><testcase classname="tests.test_iteration9.TestGazetteer" name="test_create_admin_201_and_delete" time="0.335" /><testcase classname="tests.test_iteration9.TestGazetteer" name="test_create_invalid_type_400" time="0.156" /><testcase classname="tests.test_iteration9.TestGazetteer" name="test_create_bad_bbox_400" time="0.215" /><testcase classname="tests.test_iteration9.TestGazetteer" name="test_delete_seed_404" time="0.374" /><testcase classname="tests.test_iteration9.TestArchive" name="test_list_seeded" time="0.173" /><testcase classname="tests.test_iteration9.TestArchive" name="test_filter_chennai" time="0.208" /><testcase classname="tests.test_iteration9.TestArchive" name="test_create_analyst_403" time="0.155" /><testcase classname="tests.test_iteration9.TestArchive" name="test_create_supervisor_201" time="0.322" /><testcase classname="tests.test_iteration9.TestArchive" name="test_create_bad_date_400" time="0.169" /><testcase classname="tests.test_iteration9.TestArchive" name="test_delete_seed_404" time="0.324" /><testcase classname="tests.test_iteration9.TestArchive" name="test_precedents" time="0.385" /><testcase classname="tests.test_iteration9.TestPlaybook" name="test_playbook" time="0.184" /><testcase classname="tests.test_iteration9.TestPlaybook" name="test_playbook_unknown_404" time="0.160" /><testcase classname="tests.test_iteration9.TestPlaybook" name="test_evidence_pdf_still_ok" time="0.645" /><testcase classname="tests.test_iteration9.TestProsecution" name="test_export_analyst_403" time="0.161" /><testcase classname="tests.test_iteration9.TestProsecution" name="test_export_supervisor_zip" time="0.937" /><testcase classname="tests.test_iteration9.TestProsecution" name="test_list_exports" time="0.159" /><testcase classname="tests.test_iteration9.TestProsecution" name="test_audit_history_has_export" time="0.365" /><testcase classname="tests.test_iteration9.TestProsecution" name="test_verify_by_hash_public" time="0.173" /><testcase classname="tests.test_iteration9.TestProsecution" name="test_verify_unknown_hash" time="0.159" /><testcase classname="tests.test_iteration9.TestProsecution" name="test_verify_upload_ok" time="0.514" /><testcase classname="tests.test_iteration9.TestProsecution" name="test_verify_tampered" time="0.523" /><testcase classname="tests.test_iteration9.TestProsecution" name="test_verify_invalid_bundle" time="0.153" /></testsuite></testsuites>