<?xml version="1.0" encoding="utf-8"?><testsuites name="pytest tests"><testsuite name="pytest" errors="0" failures="1" skipped="0" tests="10" time="23.089" timestamp="2026-09-10T17:27:07.585049+00:00" hostname="agent-env-3f550fb1-abad-41ee-814e-df5b159dce4e"><testcase classname="tests.test_iteration18_livemode" name="test_ais_status" time="0.567"><failure message="AssertionError: coverage_bbox not Indian EEZ (expected [[5.5,66],[24.5,95.5]]), got [[[10.0, -5.0], [20.0, 5.0]]]&#10;assert (-5.0 &gt;= 60)&#10; +  where -5.0 = min([-5.0, 5.0])">tests/test_iteration18_livemode.py:52: in test_ais_status
    assert min(lons) &gt;= 60 and max(lons) &lt;= 100 and min(lats) &gt;= 0 and max(lats) &lt;= 30, \
E   AssertionError: coverage_bbox not Indian EEZ (expected [[5.5,66],[24.5,95.5]]), got [[[10.0, -5.0], [20.0, 5.0]]]
E   assert (-5.0 &gt;= 60)
E    +  where -5.0 = min([-5.0, 5.0])</failure></testcase><testcase classname="tests.test_iteration18_livemode" name="test_system_health" time="0.888" /><testcase classname="tests.test_iteration18_livemode" name="test_data_mode" time="0.146" /><testcase classname="tests.test_iteration18_livemode" name="test_cases_no_demo_and_provenance" time="0.334" /><testcase classname="tests.test_iteration18_livemode" name="test_purge_demo_admin_idempotent" time="0.578" /><testcase classname="tests.test_iteration18_livemode" name="test_purge_demo_analyst_forbidden" time="0.137" /><testcase classname="tests.test_iteration18_livemode" name="test_seed_india_supervisor" time="0.552" /><testcase classname="tests.test_iteration18_livemode" name="test_ingest_now_supervisor" time="0.192" /><testcase classname="tests.test_iteration18_livemode" name="test_ingest_now_analyst_forbidden" time="0.157" /><testcase classname="tests.test_iteration18_livemode" name="test_restart_and_live_log" time="19.464" /></testsuite></testsuites>