<?xml version="1.0" encoding="utf-8"?><testsuites name="pytest tests"><testsuite name="pytest" errors="0" failures="0" skipped="0" tests="11" time="5.651" timestamp="2026-09-11T06:00:56.681804+00:00" hostname="agent-env-3f550fb1-abad-41ee-814e-df5b159dce4e"><testcase classname="tests.test_security_remediation" name="test_health_production" time="0.184" /><testcase classname="tests.test_security_remediation" name="test_login_admin" time="0.318" /><testcase classname="tests.test_security_remediation" name="test_login_analyst_success" time="0.356" /><testcase classname="tests.test_security_remediation" name="test_login_wrong_password" time="0.369" /><testcase classname="tests.test_security_remediation" name="test_forgot_password_shape_parity" time="0.456" /><testcase classname="tests.test_security_remediation" name="test_admin_reset_requests_lists_known" time="0.498" /><testcase classname="tests.test_security_remediation" name="test_jurisdictions_regex_escaped_metachars" time="0.494" /><testcase classname="tests.test_security_remediation" name="test_jurisdictions_japan" time="0.484" /><testcase classname="tests.test_security_remediation" name="test_ais_status_analyst_auth" time="0.466" /><testcase classname="tests.test_security_remediation" name="test_system_health_production_mode" time="1.031" /><testcase classname="tests.test_security_remediation" name="test_dashboard_summary" time="0.601" /></testsuite></testsuites>