<?xml version="1.0" encoding="utf-8"?><testsuites name="pytest tests"><testsuite name="pytest" errors="0" failures="1" skipped="0" tests="29" time="6.182" timestamp="2026-09-07T06:31:09.266346+00:00" hostname="agent-env-3f550fb1-abad-41ee-814e-df5b159dce4e"><testcase classname="tests.test_iteration5.TestZoneRules" name="test_list_any_role" time="0.849" /><testcase classname="tests.test_iteration5.TestZoneRules" name="test_analyst_create_forbidden" time="0.228" /><testcase classname="tests.test_iteration5.TestAttachments" name="test_init_unsupported_ext" time="1.558" /><testcase classname="tests.test_iteration5.TestZoneRules" name="test_unknown_zone_400" time="0.538" /><testcase classname="tests.test_iteration5.TestAttachments" name="test_init_unknown_case" time="0.121" /><testcase classname="tests.test_iteration5.TestZoneRules" name="test_bad_severity_400" time="0.112" /><testcase classname="tests.test_iteration5.TestAttachments" name="test_init_oversize_422" time="0.234" /><testcase classname="tests.test_iteration5.TestZoneRules" name="test_supervisor_create" time="0.159" /><testcase classname="tests.test_iteration5.TestZoneRules" name="test_evaluate_raises_once" time="0.606" /><testcase classname="tests.test_iteration5.TestAttachments" name="test_full_upload_flow" time="1.064" /><testcase classname="tests.test_iteration5.TestZoneRules" name="test_patch_severity" time="0.130" /><testcase classname="tests.test_iteration5.TestZoneRules" name="test_patch_bad_severity" time="0.131" /><testcase classname="tests.test_iteration5.TestZoneRules" name="test_delete_rule" time="0.276" /><testcase classname="tests.test_iteration5.TestAttachments" name="test_complete_bad_kind" time="0.666" /><testcase classname="tests.test_iteration5.TestNotifications" name="test_email_settings_alerts_fields" time="0.472" /><testcase classname="tests.test_iteration5.TestNotifications" name="test_put_alert_recipients_normalizes" time="0.126" /><testcase classname="tests.test_iteration5.TestNotifications" name="test_toggle_alerts_enabled" time="0.252" /><testcase classname="tests.test_iteration5.TestAttachments" name="test_complete_missing_chunks" time="0.577" /><testcase classname="tests.test_iteration5.TestNotifications" name="test_user_notify_alerts_toggle" time="0.523" /><testcase classname="tests.test_iteration5.TestAttachments" name="test_list_attachments" time="0.118" /><testcase classname="tests.test_iteration5.TestAttachments" name="test_download" time="0.296" /><testcase classname="tests.test_iteration5.TestNotifications" name="test_alert_has_notification_not_configured" time="0.294"><failure message="AssertionError: assert 'second@example.org' in ['shawpriyanshu950@gmail.com', 'supervisor@sentinelmar.demo']">backend/tests/test_iteration5.py:243: in test_alert_has_notification_not_configured
    assert "second@example.org" in n["recipients"]
E   AssertionError: assert 'second@example.org' in ['shawpriyanshu950@gmail.com', 'supervisor@sentinelmar.demo']</failure></testcase><testcase classname="tests.test_iteration5.TestAttachments" name="test_analyst_delete_forbidden" time="0.122" /><testcase classname="tests.test_iteration5.TestNotifications" name="test_cleanup_alert_recipients" time="0.121" /><testcase classname="tests.test_iteration5.TestAttachments" name="test_evidence_pdf_still_works" time="0.529" /><testcase classname="tests.test_iteration5.TestCompare" name="test_compare_ok" time="0.630" /><testcase classname="tests.test_iteration5.TestAttachments" name="test_timeline_includes_attachments" time="0.135" /><testcase classname="tests.test_iteration5.TestAttachments" name="test_supervisor_delete" time="0.370" /><testcase classname="tests.test_iteration5.TestCompare" name="test_compare_bad_id" time="0.247" /></testsuite></testsuites>