<?xml version="1.0" encoding="utf-8"?><testsuites name="pytest tests"><testsuite name="pytest" errors="0" failures="0" skipped="0" tests="15" time="8.539" timestamp="2026-09-07T18:09:31.421241+00:00" hostname="agent-env-3f550fb1-abad-41ee-814e-df5b159dce4e"><testcase classname="tests.test_iteration8.TestDetectorFeedback" name="test_fp_without_reason_400" time="1.520" /><testcase classname="tests.test_iteration8.TestDetectorFeedback" name="test_fp_with_invalid_reason_400" time="0.127" /><testcase classname="tests.test_iteration8.TestDetectorFeedback" name="test_tp_then_fp_and_list" time="0.421" /><testcase classname="tests.test_iteration8.TestDetectorFeedback" name="test_evidence_has_feedback_and_audit" time="0.296" /><testcase classname="tests.test_iteration8.TestDetectorFeedback" name="test_evidence_pdf_200" time="0.593" /><testcase classname="tests.test_iteration8.TestPrecision" name="test_precision_shape" time="0.173" /><testcase classname="tests.test_iteration8.TestLiveAlerts" name="test_sse_invalid_token_401" time="0.126" /><testcase classname="tests.test_iteration8.TestLiveAlerts" name="test_sse_hello_and_alert_on_correlate" time="2.706" /><testcase classname="tests.test_iteration8.TestLiveAlerts" name="test_alerts_latest" time="0.133" /><testcase classname="tests.test_iteration8.TestLiveAlerts" name="test_test_publish_rbac" time="0.289" /><testcase classname="tests.test_iteration8.TestCorrelationV11" name="test_correlate_default_gap_fill" time="0.539" /><testcase classname="tests.test_iteration8.TestCorrelationV11" name="test_correlate_no_gap_fill" time="0.325" /><testcase classname="tests.test_iteration8.TestCorrelationV11" name="test_reproducibility_same_input_hash" time="0.622" /><testcase classname="tests.test_iteration8.TestCorrelationV11" name="test_geojson_layers" time="0.159" /><testcase classname="tests.test_iteration8.TestSpoofDetection" name="test_ingest_spoof_ais_and_correlate" time="0.437" /></testsuite></testsuites>