<?xml version="1.0" encoding="utf-8"?><testsuites name="pytest tests"><testsuite name="pytest" errors="0" failures="2" skipped="0" tests="25" time="19.458" timestamp="2026-09-11T10:09:38.912946+00:00" hostname="agent-env-3f550fb1-abad-41ee-814e-df5b159dce4e"><testcase classname="tests.test_iteration30.TestRegression" name="test_capabilities_google_ready" time="0.144" /><testcase classname="tests.test_iteration30.TestRegression" name="test_admin_login_ok" time="0.492" /><testcase classname="tests.test_iteration30.TestReferencePin" name="test_reference_get_pinned" time="0.755" /><testcase classname="tests.test_iteration30.TestRegression" name="test_wrong_password_401" time="0.354" /><testcase classname="tests.test_iteration30.TestReferencePin" name="test_pin_forbidden_analyst" time="0.237" /><testcase classname="tests.test_iteration30.TestRegression" name="test_users_unauth" time="0.122" /><testcase classname="tests.test_iteration30.TestRegression" name="test_cors_foreign_origin" time="0.252" /><testcase classname="tests.test_iteration30.TestRegression" name="test_health_auth_no_secrets" time="0.135" /><testcase classname="tests.test_iteration30.TestReferencePin" name="test_pin_nonexistent_admin" time="0.541" /><testcase classname="tests.test_iteration30.TestReferencePin" name="test_repin_same_id" time="0.322" /><testcase classname="tests.test_iteration30.TestAisStandby" name="test_ais_status_standby" time="0.493" /><testcase classname="tests.test_iteration30.TestReferencePin" name="test_unpin_then_repin" time="0.650" /><testcase classname="tests.test_iteration30.TestAisStandby" name="test_ais_coverage_check" time="0.135" /><testcase classname="tests.test_iteration30.TestAisStandby" name="test_no_reconnect_loop" time="15.312" /><testcase classname="tests.test_iteration30.TestCanadaEEZ" name="test_can_eez" time="0.145"><failure message="AssertionError: [{'code': 'CAN-EEZ', 'name': 'Canadian Exclusive Economic Zone', 'authority': 'Canadian Coast Guard', 'authority_verified': True, ...}, {'code': 'CAN-EEZ-48943', 'name': 'Overlapping claim: Canada / United States', 'authority': 'Canadian Coast Guard', 'authority_verified': True, ...}]&#10;assert None is not None">tests/test_iteration30.py:284: in test_can_eez
    assert zone is not None, zones[:2] if zones else d
E   AssertionError: [{'code': 'CAN-EEZ', 'name': 'Canadian Exclusive Economic Zone', 'authority': 'Canadian Coast Guard', 'authority_verified': True, ...}, {'code': 'CAN-EEZ-48943', 'name': 'Overlapping claim: Canada / United States', 'authority': 'Canadian Coast Guard', 'authority_verified': True, ...}]
E   assert None is not None</failure></testcase><testcase classname="tests.test_iteration30.TestCanadaEEZ" name="test_lookup" time="1.450"><failure message="AttributeError: 'str' object has no attribute 'get'">tests/test_iteration30.py:295: in test_lookup
    zid = d.get("zone_id") or (d.get("zone") or {}).get("zone_id")
                              ^^^^^^^^^^^^^^^^^^^^^^^^^
E   AttributeError: 'str' object has no attribute 'get'</failure></testcase><testcase classname="tests.test_iteration30.TestCanadaEEZ" name="test_total_count" time="0.184" /><testcase classname="tests.test_iteration30.TestCaseLabels" name="test_real_origin_labels" time="0.218" /><testcase classname="tests.test_iteration30.TestCaseLabels" name="test_imported_labels" time="0.217" /><testcase classname="tests.test_iteration30.TestAnalyzeEligible" name="test_forbidden_analyst" time="0.148" /><testcase classname="tests.test_iteration30.TestAnalyzeEligible" name="test_supervisor_202_idempotent" time="1.099" /><testcase classname="tests.test_iteration30.TestEvidenceTimeline" name="test_ref_timeline" time="0.129" /><testcase classname="tests.test_iteration30.TestEvidenceTimeline" name="test_not_analyzed_timeline" time="0.350" /><testcase classname="tests.test_iteration30.TestDashboardSummary" name="test_summary_shape" time="0.144" /><testcase classname="tests.test_iteration30.TestDashboardSummary" name="test_summary_matches_cases" time="0.376" /></testsuite></testsuites>