<?xml version="1.0" encoding="utf-8"?><testsuites name="pytest tests"><testsuite name="pytest" errors="0" failures="1" skipped="0" tests="16" time="12.689" timestamp="2026-09-05T14:16:51.215318+00:00" hostname="agent-env-3f550fb1-abad-41ee-814e-df5b159dce4e"><testcase classname="tests.test_iteration2_auth_rbac" name="test_unauth_stats_401" time="0.643" /><testcase classname="tests.test_iteration2_auth_rbac" name="test_login_all_roles" time="1.120" /><testcase classname="tests.test_iteration2_auth_rbac" name="test_login_wrong_password" time="0.354" /><testcase classname="tests.test_iteration2_auth_rbac" name="test_login_lockout_fake_email" time="0.726"><failure message="assert 401 == 429&#10; +  where 401 = &lt;Response [401]&gt;.status_code">backend/tests/test_iteration2_auth_rbac.py:80: in test_login_lockout_fake_email
    assert r.status_code == 429
E   assert 401 == 429
E    +  where 401 = &lt;Response [401]&gt;.status_code</failure></testcase><testcase classname="tests.test_iteration2_auth_rbac" name="test_auth_me_and_logout" time="0.589" /><testcase classname="tests.test_iteration2_auth_rbac" name="test_alert_ack_rbac" time="0.771" /><testcase classname="tests.test_iteration2_auth_rbac" name="test_override_rbac_and_flow" time="0.742" /><testcase classname="tests.test_iteration2_auth_rbac" name="test_users_rbac" time="0.722" /><testcase classname="tests.test_iteration2_auth_rbac" name="test_admin_user_crud" time="1.946" /><testcase classname="tests.test_iteration2_auth_rbac" name="test_seed_admin_only" time="0.240" /><testcase classname="tests.test_iteration2_auth_rbac" name="test_review_identity_in_audit" time="0.867" /><testcase classname="tests.test_iteration2_auth_rbac" name="test_live_weather_fetch" time="1.125" /><testcase classname="tests.test_iteration2_auth_rbac" name="test_correlate_with_fetch_env" time="0.984" /><testcase classname="tests.test_iteration2_auth_rbac" name="test_pdf_export" time="0.657" /><testcase classname="tests.test_iteration2_auth_rbac" name="test_regression_ingest_with_auth" time="0.261" /><testcase classname="tests.test_iteration2_auth_rbac" name="test_geojson_track_props" time="0.323" /></testsuite></testsuites>