<?xml version="1.0" encoding="utf-8"?><testsuites name="pytest tests"><testsuite name="pytest" errors="0" failures="1" skipped="0" tests="19" time="6.548" timestamp="2026-09-11T09:45:26.595879+00:00" hostname="agent-env-3f550fb1-abad-41ee-814e-df5b159dce4e"><testcase classname="tests.test_iteration29.TestCapabilities" name="test_capabilities_public_and_shape" time="0.149" /><testcase classname="tests.test_iteration29.TestCapabilities" name="test_health_authentication_block" time="0.149" /><testcase classname="tests.test_iteration29.TestGoogleSessionFailure" name="test_bogus_session_returns_401" time="0.228" /><testcase classname="tests.test_iteration29.TestGoogleSessionFailure" name="test_password_login_still_works_after_google_failure" time="0.348" /><testcase classname="tests.test_iteration29.TestAuth" name="test_admin_login_ok" time="0.452" /><testcase classname="tests.test_iteration29.TestAuth" name="test_wrong_password_generic" time="0.354" /><testcase classname="tests.test_iteration29.TestAuth" name="test_users_no_token_401" time="0.134" /><testcase classname="tests.test_iteration29.TestAuth" name="test_users_analyst_403" time="0.472" /><testcase classname="tests.test_iteration29.TestAuth" name="test_users_admin_ok_no_password_hash" time="0.151" /><testcase classname="tests.test_iteration29.TestSessionPersistence" name="test_token_survives_backend_restart" time="1.944" /><testcase classname="tests.test_iteration29.TestSessionPersistence" name="test_logout_ok" time="0.154" /><testcase classname="tests.test_iteration29.TestCases" name="test_cases_real_origin_labels" time="0.205" /><testcase classname="tests.test_iteration29.TestCases" name="test_cases_imported" time="0.162" /><testcase classname="tests.test_iteration29.TestCases" name="test_cases_all_matches_dashboard" time="0.374" /><testcase classname="tests.test_iteration29.TestCases" name="test_dashboard_live_cases_excludes_imported" time="0.310"><failure message="AssertionError: assert 'by_origin' in {'live_cases': 107, 'pending_review': 107, 'probable_confirmed': 0, 'ais_fixes_indexed': 333, ...}">backend/tests/test_iteration29.py:212: in test_dashboard_live_cases_excludes_imported
    assert "by_origin" in s
E   AssertionError: assert 'by_origin' in {'live_cases': 107, 'pending_review': 107, 'probable_confirmed': 0, 'ais_fixes_indexed': 333, ...}</failure></testcase><testcase classname="tests.test_iteration29.TestProvenance" name="test_provenance_analyst_or_detector" time="0.318" /><testcase classname="tests.test_iteration29.TestProvenance" name="test_provenance_imported" time="0.288" /><testcase classname="tests.test_iteration29.TestProvenance" name="test_provenance_target_case" time="0.116" /><testcase classname="tests.test_iteration29.TestCandidates" name="test_candidates_factor_sum_equals_score" time="0.164" /></testsuite></testsuites>