<?xml version="1.0" encoding="utf-8"?><testsuites name="pytest tests"><testsuite name="pytest" errors="0" failures="1" skipped="0" tests="33" time="10.302" timestamp="2026-09-05T17:45:44.837655+00:00" hostname="agent-env-3f550fb1-abad-41ee-814e-df5b159dce4e"><testcase classname="tests.test_iteration4.TestEmailSettings" name="test_analyst_forbidden" time="0.897" /><testcase classname="tests.test_iteration4.TestWatchlist" name="test_list_any_role" time="0.799" /><testcase classname="tests.test_iteration4.TestWatchlist" name="test_analyst_post_forbidden" time="0.174" /><testcase classname="tests.test_iteration4.TestEmailSettings" name="test_supervisor_forbidden" time="0.702" /><testcase classname="tests.test_iteration4.TestWatchlist" name="test_supervisor_add" time="1.049" /><testcase classname="tests.test_iteration4.TestEmailSettings" name="test_get_initial" time="0.503" /><testcase classname="tests.test_iteration4.TestWatchlist" name="test_duplicate_active_rejected" time="0.142" /><testcase classname="tests.test_iteration4.TestEmailSettings" name="test_update_sender" time="0.097" /><testcase classname="tests.test_iteration4.TestWatchlist" name="test_bad_severity" time="0.120" /><testcase classname="tests.test_iteration4.TestEmailSettings" name="test_set_key_masked_and_configured" time="0.139" /><testcase classname="tests.test_iteration4.TestEmailSettings" name="test_test_email_fails_with_bad_key" time="0.553" /><testcase classname="tests.test_iteration4.TestWatchlist" name="test_correlation_creates_watchlist_alert" time="0.795"><failure message="TypeError: string indices must be integers, not 'str'">backend/tests/test_iteration4.py:208: in test_correlation_creates_watchlist_alert
    mmsis = [c["mmsi"] for c in cands]
            ^^^^^^^^^^^^^^^^^^^^^^^^^^
backend/tests/test_iteration4.py:208: in &lt;listcomp&gt;
    mmsis = [c["mmsi"] for c in cands]
             ^^^^^^^^^
E   TypeError: string indices must be integers, not 'str'</failure></testcase><testcase classname="tests.test_iteration4.TestEmailSettings" name="test_toggle_enabled" time="0.253" /><testcase classname="tests.test_iteration4.TestWatchlist" name="test_watchlist_hits_incremented" time="0.130" /><testcase classname="tests.test_iteration4.TestEmailSettings" name="test_clear_key_restores_unconfigured" time="0.126" /><testcase classname="tests.test_iteration4.TestWatchlist" name="test_analyst_delete_forbidden" time="0.100" /><testcase classname="tests.test_iteration4.TestTimeline" name="test_timeline_json_any_role" time="0.247" /><testcase classname="tests.test_iteration4.TestWatchlist" name="test_supervisor_delete" time="0.239" /><testcase classname="tests.test_iteration4.TestTimeline" name="test_timeline_html" time="0.260" /><testcase classname="tests.test_iteration4.TestEEZImport" name="test_invalid_iso_400" time="0.118" /><testcase classname="tests.test_iteration4.TestEEZImport" name="test_empty_iso_400" time="0.136" /><testcase classname="tests.test_iteration4.TestTimeline" name="test_analyst_share_forbidden" time="0.216" /><testcase classname="tests.test_iteration4.TestEEZImport" name="test_analyst_forbidden" time="0.115" /><testcase classname="tests.test_iteration4.TestEEZImport" name="test_import_bel_and_poll" time="3.449" /><testcase classname="tests.test_iteration4.TestTimeline" name="test_share_expires_hours_0_invalid" time="0.302" /><testcase classname="tests.test_iteration4.TestTimeline" name="test_supervisor_create_and_public_view" time="0.521" /><testcase classname="tests.test_iteration4.TestTimeline" name="test_bogus_token_404" time="0.147" /><testcase classname="tests.test_iteration4.TestTimeline" name="test_revoke_share" time="0.380" /><testcase classname="tests.test_iteration4.TestEEZImport" name="test_jurisdictions_list_has_official_bel" time="0.508" /><testcase classname="tests.test_iteration4.TestRegression" name="test_login_all_roles" time="1.025" /><testcase classname="tests.test_iteration4.TestRegression" name="test_dashboard_case_has_jurisdiction" time="0.124" /><testcase classname="tests.test_iteration4.TestRegression" name="test_pdf_export" time="0.572" /><testcase classname="tests.test_iteration4.TestRegression" name="test_forgot_password_logged" time="0.107" /></testsuite></testsuites>