<?xml version="1.0" encoding="utf-8"?><testsuites name="pytest tests"><testsuite name="pytest" errors="0" failures="0" skipped="0" tests="25" time="12.301" timestamp="2026-09-11T16:05:16.981730+00:00" hostname="agent-env-3f550fb1-abad-41ee-814e-df5b159dce4e"><testcase classname="tests.test_iteration31_public_access.TestGuest" name="test_guest_session_create" time="0.186" /><testcase classname="tests.test_iteration31_public_access.TestGuest" name="test_guest_me" time="0.349" /><testcase classname="tests.test_iteration31_public_access.TestGuest" name="test_guest_can_read_dashboard" time="0.386" /><testcase classname="tests.test_iteration31_public_access.TestGuest" name="test_guest_can_read_cases" time="0.312" /><testcase classname="tests.test_iteration31_public_access.TestGuest" name="test_guest_write_forbidden" time="0.294" /><testcase classname="tests.test_iteration31_public_access.TestGuest" name="test_guest_users_forbidden" time="0.308" /><testcase classname="tests.test_iteration31_public_access.TestGuest" name="test_guest_audit_forbidden" time="0.340" /><testcase classname="tests.test_iteration31_public_access.TestGuest" name="test_guest_role_request_forbidden" time="0.343" /><testcase classname="tests.test_iteration31_public_access.TestSignup" name="test_signup_weak_password_no_letters" time="0.182" /><testcase classname="tests.test_iteration31_public_access.TestSignup" name="test_signup_weak_password_no_numbers" time="0.154" /><testcase classname="tests.test_iteration31_public_access.TestSignup" name="test_signup_too_short" time="0.161" /><testcase classname="tests.test_iteration31_public_access.TestSignup" name="test_signup_success_forces_viewer" time="0.509" /><testcase classname="tests.test_iteration31_public_access.TestSignup" name="test_signup_duplicate_blocked" time="0.559" /><testcase classname="tests.test_iteration31_public_access.TestViewerRBAC" name="test_viewer_role_is_viewer" time="0.584" /><testcase classname="tests.test_iteration31_public_access.TestViewerRBAC" name="test_viewer_can_read_dashboard" time="0.181" /><testcase classname="tests.test_iteration31_public_access.TestViewerRBAC" name="test_viewer_can_read_cases" time="0.175" /><testcase classname="tests.test_iteration31_public_access.TestViewerRBAC" name="test_viewer_write_forbidden" time="0.187" /><testcase classname="tests.test_iteration31_public_access.TestViewerRBAC" name="test_viewer_users_forbidden" time="0.161" /><testcase classname="tests.test_iteration31_public_access.TestRoleRequest" name="test_admin_role_not_requestable" time="0.169" /><testcase classname="tests.test_iteration31_public_access.TestRoleRequest" name="test_viewer_role_not_requestable" time="0.153" /><testcase classname="tests.test_iteration31_public_access.TestRoleRequest" name="test_submit_analyst_request_and_admin_approves" time="1.954" /><testcase classname="tests.test_iteration31_public_access.TestRoleRequest" name="test_reject_flow" time="0.861" /><testcase classname="tests.test_iteration31_public_access.TestAdminPreserved" name="test_admin_still_admin" time="0.180" /><testcase classname="tests.test_iteration31_public_access.TestAdminPreserved" name="test_admin_users_access" time="0.250" /><testcase classname="tests.test_iteration31_public_access.TestDisabled" name="test_disabled_login_and_signup_blocked" time="2.512" /></testsuite></testsuites>