<?xml version="1.0" encoding="utf-8"?><testsuites name="pytest tests"><testsuite name="pytest" errors="0" failures="0" skipped="0" tests="15" time="7.017" timestamp="2026-09-10T17:43:56.800222+00:00" hostname="agent-env-3f550fb1-abad-41ee-814e-df5b159dce4e"><testcase classname="tests.test_ais_live_integration" name="test_status_default" time="0.880" /><testcase classname="tests.test_ais_live_integration" name="test_status_alias" time="0.126" /><testcase classname="tests.test_ais_live_integration" name="test_coverage_region_east_coast" time="0.381" /><testcase classname="tests.test_ais_live_integration" name="test_coverage_manual" time="0.158" /><testcase classname="tests.test_ais_live_integration" name="test_coverage_invalid_swne" time="0.129" /><testcase classname="tests.test_ais_live_integration" name="test_coverage_invalid_lon" time="0.153" /><testcase classname="tests.test_ais_live_integration" name="test_coverage_analyst_forbidden" time="0.542" /><testcase classname="tests.test_ais_live_integration" name="test_coverage_region_default" time="0.181" /><testcase classname="tests.test_ais_live_integration" name="test_coverage_region_unknown" time="0.192" /><testcase classname="tests.test_ais_live_integration" name="test_vessels_empty" time="0.167" /><testcase classname="tests.test_ais_live_integration" name="test_tracks_empty" time="0.164" /><testcase classname="tests.test_ais_live_integration" name="test_test_connection_admin" time="0.565" /><testcase classname="tests.test_ais_live_integration" name="test_test_connection_analyst_forbidden" time="0.156" /><testcase classname="tests.test_ais_live_integration" name="test_debug_aoi" time="0.149" /><testcase classname="tests.test_ais_live_integration" name="test_spill_follow_and_reset" time="2.995" /></testsuite></testsuites>