<?xml version="1.0" encoding="utf-8"?><testsuites name="pytest tests"><testsuite name="pytest" errors="0" failures="0" skipped="0" tests="6" time="3.005" timestamp="2026-09-08T18:23:45.471805+00:00" hostname="agent-env-3f550fb1-abad-41ee-814e-df5b159dce4e"><testcase classname="tests.test_iteration15" name="test_evidence_pdf_valid_and_contains_sections[seeded]" time="1.298" /><testcase classname="tests.test_iteration15" name="test_evidence_pdf_valid_and_contains_sections[1a87e9ad-329e-4023-80c7-8d4c01ebf336]" time="0.327" /><testcase classname="tests.test_iteration15" name="test_playbook_tiers_and_tactical" time="0.188" /><testcase classname="tests.test_iteration15" name="test_playbook_vuln_case" time="0.149" /><testcase classname="tests.test_iteration15" name="test_dark_scan_returns_201_with_targets" time="0.718" /><testcase classname="tests.test_iteration15" name="test_dark_scan_seeded_case_400" time="0.209" /></testsuite></testsuites>