<?xml version="1.0" encoding="utf-8"?><testsuites name="pytest tests"><testsuite name="pytest" errors="0" failures="0" skipped="0" tests="35" time="9.122" timestamp="2026-09-10T20:18:54.980615+00:00" hostname="agent-env-3f550fb1-abad-41ee-814e-df5b159dce4e"><testcase classname="tests.test_ais_live" name="test_missing_key_no_demo" time="0.001" /><testcase classname="tests.test_ais_live" name="test_configured_key_flag" time="0.000" /><testcase classname="tests.test_ais_live" name="test_bbox_format_not_swapped" time="0.000" /><testcase classname="tests.test_ais_live" name="test_regions_in_indian_waters" time="0.000" /><testcase classname="tests.test_ais_live" name="test_validate_bbox_rejects_bad" time="0.000" /><testcase classname="tests.test_ais_live" name="test_expand_bbox_grows" time="0.000" /><testcase classname="tests.test_ais_live" name="test_position_report_parsing" time="0.004" /><testcase classname="tests.test_ais_live" name="test_class_b_parsing" time="0.000" /><testcase classname="tests.test_ais_live" name="test_invalid_coordinates_rejected" time="0.000" /><testcase classname="tests.test_ais_live" name="test_binary_frame_decoding" time="0.000" /><testcase classname="tests.test_ais_live" name="test_subscription_confirmation_and_handle" time="0.000" /><testcase classname="tests.test_ais_live" name="test_stale_vessels_removed" time="0.000" /><testcase classname="tests.test_ais_live" name="test_single_worker" time="0.001" /><testcase classname="tests.test_ais_live_integration" name="test_status_default" time="0.770" /><testcase classname="tests.test_ais_live_integration" name="test_status_alias" time="0.219" /><testcase classname="tests.test_ais_live_integration" name="test_coverage_region_east_coast" time="0.359" /><testcase classname="tests.test_ais_live_integration" name="test_coverage_manual" time="0.154" /><testcase classname="tests.test_ais_live_integration" name="test_coverage_invalid_swne" time="0.213" /><testcase classname="tests.test_ais_live_integration" name="test_coverage_invalid_lon" time="0.166" /><testcase classname="tests.test_ais_live_integration" name="test_coverage_analyst_forbidden" time="0.535" /><testcase classname="tests.test_ais_live_integration" name="test_coverage_region_default" time="0.185" /><testcase classname="tests.test_ais_live_integration" name="test_coverage_region_unknown" time="0.203" /><testcase classname="tests.test_ais_live_integration" name="test_vessels_empty" time="0.138" /><testcase classname="tests.test_ais_live_integration" name="test_tracks_empty" time="0.158" /><testcase classname="tests.test_ais_live_integration" name="test_test_connection_admin" time="0.565" /><testcase classname="tests.test_ais_live_integration" name="test_test_connection_analyst_forbidden" time="0.223" /><testcase classname="tests.test_ais_live_integration" name="test_debug_aoi" time="0.197" /><testcase classname="tests.test_ais_live_integration" name="test_spill_follow_and_reset" time="3.011" /><testcase classname="tests.test_sentinel_assets" name="test_asset_inventory_is_inspected_not_assumed" time="0.000" /><testcase classname="tests.test_sentinel_assets" name="test_sar_without_thumbnail_is_still_analyzable" time="0.000" /><testcase classname="tests.test_sentinel_assets" name="test_no_sar_asset_detected" time="0.000" /><testcase classname="tests.test_sentinel_assets" name="test_case_summary_states" time="0.000" /><testcase classname="tests.test_sentinel_assets" name="test_signed_href_only_for_blob_and_never_persisted" time="0.001" /><testcase classname="tests.test_sentinel_assets" name="test_expired_token_regenerated" time="0.000" /><testcase classname="tests.test_sentinel_assets" name="test_missing_sar_raises_specific_error" time="0.000" /></testsuite></testsuites>