<?xml version="1.0" encoding="utf-8"?><testsuites name="pytest tests"><testsuite name="pytest" errors="0" failures="0" skipped="0" tests="3" time="44.587" timestamp="2026-09-08T16:48:34.596036+00:00" hostname="agent-env-3f550fb1-abad-41ee-814e-df5b159dce4e"><testcase classname="tests.test_iteration11_refactor.TestCsvIngest" name="test_preview_detects_mapping" time="43.697" /><testcase classname="tests.test_iteration11_refactor.TestCsvIngest" name="test_ingest_returns_counts_and_row_errors" time="0.176" /><testcase classname="tests.test_iteration11_refactor.TestCorrelateGapFill" name="test_correlate_sync_with_gap_fill" time="0.655" /></testsuite></testsuites>