<?xml version="1.0" encoding="utf-8"?><testsuites name="pytest tests"><testsuite name="pytest" errors="0" failures="0" skipped="0" tests="8" time="5.515" timestamp="2026-09-08T18:00:17.643811+00:00" hostname="agent-env-3f550fb1-abad-41ee-814e-df5b159dce4e"><testcase classname="tests.test_iteration14.TestDarkVessel" name="test_scan_on_dark_spot_detector_case" time="3.784" /><testcase classname="tests.test_iteration14.TestDarkVessel" name="test_scan_on_seeded_case_400" time="0.241" /><testcase classname="tests.test_iteration14.TestDarkVessel" name="test_scan_unauthenticated_401" time="0.238" /><testcase classname="tests.test_iteration14.TestDarkVessel" name="test_supervisor_allowed" time="0.245" /><testcase classname="tests.test_iteration14.TestVault" name="test_vault_wakashio" time="0.235" /><testcase classname="tests.test_iteration14.TestVault" name="test_vault_unknown_404" time="0.229" /><testcase classname="tests.test_iteration14.TestIcgRecipients" name="test_admin_can_set_recipients" time="0.236" /><testcase classname="tests.test_iteration14.TestIcgRecipients" name="test_analyst_forbidden" time="0.230" /></testsuite></testsuites>