<?xml version="1.0" encoding="utf-8"?><testsuites name="pytest tests"><testsuite name="pytest" errors="0" failures="0" skipped="0" tests="15" time="3.608" timestamp="2026-09-10T16:41:36.262897+00:00" hostname="agent-env-3f550fb1-abad-41ee-814e-df5b159dce4e"><testcase classname="tests.test_correlation_golden" name="test_golden_output_identical[0]" time="0.046" /><testcase classname="tests.test_correlation_golden" name="test_golden_output_identical[1]" time="0.014" /><testcase classname="tests.test_correlation_golden" name="test_golden_output_identical[2]" time="0.012" /><testcase classname="tests.test_correlation_golden" name="test_golden_output_identical[3]" time="0.011" /><testcase classname="tests.test_correlation_golden" name="test_golden_output_identical[4]" time="0.010" /><testcase classname="tests.test_correlation_golden" name="test_golden_output_identical[5]" time="0.008" /><testcase classname="tests.test_correlation_golden" name="test_golden_output_identical[6]" time="0.010" /><testcase classname="tests.test_correlation_golden" name="test_golden_output_identical[7]" time="0.010" /><testcase classname="tests.test_correlation_golden" name="test_golden_output_identical[8]" time="0.006" /><testcase classname="tests.test_iteration15" name="test_evidence_pdf_valid_and_contains_sections[seeded]" time="1.547" /><testcase classname="tests.test_iteration15" name="test_evidence_pdf_valid_and_contains_sections[1a87e9ad-329e-4023-80c7-8d4c01ebf336]" time="0.388" /><testcase classname="tests.test_iteration15" name="test_playbook_tiers_and_tactical" time="0.305" /><testcase classname="tests.test_iteration15" name="test_playbook_vuln_case" time="0.208" /><testcase classname="tests.test_iteration15" name="test_dark_scan_returns_201_with_targets" time="0.555" /><testcase classname="tests.test_iteration15" name="test_dark_scan_seeded_case_400" time="0.179" /></testsuite></testsuites>