<?xml version="1.0" encoding="utf-8"?><testsuites name="pytest tests"><testsuite name="pytest" errors="0" failures="1" skipped="1" tests="42" time="12.832" timestamp="2026-09-10T21:03:06.083553+00:00" hostname="agent-env-3f550fb1-abad-41ee-814e-df5b159dce4e"><testcase classname="tests.test_ais_live" name="test_missing_key_no_demo" time="0.001" /><testcase classname="tests.test_ais_live" name="test_configured_key_flag" time="0.000" /><testcase classname="tests.test_ais_live" name="test_bbox_format_not_swapped" time="0.000" /><testcase classname="tests.test_ais_live" name="test_regions_in_indian_waters" time="0.000"><failure message="assert (30.5 &lt;= 25)">def test_regions_in_indian_waters():
        for r in ais_live.REGIONS.values():
            s, w, n, e = r["bbox"]
&gt;           assert 5 &lt;= s &lt; n &lt;= 25 and 65 &lt;= w &lt; e &lt;= 96
E           assert (30.5 &lt;= 25)

tests/test_ais_live.py:37: AssertionError</failure></testcase><testcase classname="tests.test_ais_live" name="test_validate_bbox_rejects_bad" time="0.000" /><testcase classname="tests.test_ais_live" name="test_expand_bbox_grows" time="0.000" /><testcase classname="tests.test_ais_live" name="test_position_report_parsing" time="0.003" /><testcase classname="tests.test_ais_live" name="test_class_b_parsing" time="0.000" /><testcase classname="tests.test_ais_live" name="test_invalid_coordinates_rejected" time="0.000" /><testcase classname="tests.test_ais_live" name="test_binary_frame_decoding" time="0.000" /><testcase classname="tests.test_ais_live" name="test_subscription_confirmation_and_handle" time="0.000" /><testcase classname="tests.test_ais_live" name="test_stale_vessels_removed" time="0.000" /><testcase classname="tests.test_ais_live" name="test_single_worker" time="0.001" /><testcase classname="tests.test_ais_live_integration" name="test_status_default" time="0.613" /><testcase classname="tests.test_ais_live_integration" name="test_status_alias" time="0.173" /><testcase classname="tests.test_ais_live_integration" name="test_coverage_region_east_coast" time="0.394" /><testcase classname="tests.test_ais_live_integration" name="test_coverage_manual" time="0.153" /><testcase classname="tests.test_ais_live_integration" name="test_coverage_invalid_swne" time="0.161" /><testcase classname="tests.test_ais_live_integration" name="test_coverage_invalid_lon" time="0.144" /><testcase classname="tests.test_ais_live_integration" name="test_coverage_analyst_forbidden" time="0.594" /><testcase classname="tests.test_ais_live_integration" name="test_coverage_region_default" time="0.143" /><testcase classname="tests.test_ais_live_integration" name="test_coverage_region_unknown" time="0.180" /><testcase classname="tests.test_ais_live_integration" name="test_vessels_empty" time="0.185" /><testcase classname="tests.test_ais_live_integration" name="test_tracks_empty" time="0.154" /><testcase classname="tests.test_ais_live_integration" name="test_test_connection_admin" time="2.059" /><testcase classname="tests.test_ais_live_integration" name="test_test_connection_analyst_forbidden" time="0.215" /><testcase classname="tests.test_ais_live_integration" name="test_debug_aoi" time="0.258" /><testcase classname="tests.test_ais_live_integration" name="test_spill_follow_and_reset" time="2.746" /><testcase classname="tests.test_iteration20.TestAISCanonical" name="test_status_shape" time="0.429" /><testcase classname="tests.test_iteration20.TestAISCanonical" name="test_vessels_shape" time="0.066" /><testcase classname="tests.test_iteration20.TestSentinel" name="test_latest" time="0.076" /><testcase classname="tests.test_iteration20.TestSentinel" name="test_assets" time="1.850" /><testcase classname="tests.test_iteration20.TestCases" name="test_case_scene_status_and_dark_scan" time="0.115" /><testcase classname="tests.test_iteration20.TestCases" name="test_attach_scene_no_scene_case" time="0.614" /><testcase classname="tests.test_iteration20.TestDetectGuard" name="test_detect_manual_scene_returns_409" time="0.550"><skipped type="pytest.skip" message="no manually-registered scene to test 409 guard">/app/backend/tests/test_iteration20.py:160: no manually-registered scene to test 409 guard</skipped></testcase><testcase classname="tests.test_sentinel_assets" name="test_asset_inventory_is_inspected_not_assumed" time="0.000" /><testcase classname="tests.test_sentinel_assets" name="test_sar_without_thumbnail_is_still_analyzable" time="0.000" /><testcase classname="tests.test_sentinel_assets" name="test_no_sar_asset_detected" time="0.000" /><testcase classname="tests.test_sentinel_assets" name="test_case_summary_states" time="0.000" /><testcase classname="tests.test_sentinel_assets" name="test_signed_href_only_for_blob_and_never_persisted" time="0.002" /><testcase classname="tests.test_sentinel_assets" name="test_expired_token_regenerated" time="0.000" /><testcase classname="tests.test_sentinel_assets" name="test_missing_sar_raises_specific_error" time="0.000" /></testsuite></testsuites>