<?xml version="1.0" encoding="utf-8"?><testsuites name="pytest tests"><testsuite name="pytest" errors="0" failures="1" skipped="0" tests="8" time="35.942" timestamp="2026-09-11T09:12:21.930177+00:00" hostname="agent-env-3f550fb1-abad-41ee-814e-df5b159dce4e"><testcase classname="tests.test_iteration27" name="test_case_found" time="19.762" /><testcase classname="tests.test_iteration27" name="test_candidates_dict_shape_and_five_real" time="0.087"><failure message="AssertionError: Expected MMSI 419001814 in {'538012070', '419001814', '419001422', '563182400', '354204000'}&#10;assert 419001814 in {'354204000', '419001422', '419001814', '538012070', '563182400'}">backend/tests/test_iteration27.py:51: in test_candidates_dict_shape_and_five_real
    assert 419001814 in mmsis, f"Expected MMSI 419001814 in {mmsis}"
E   AssertionError: Expected MMSI 419001814 in {'538012070', '419001814', '419001422', '563182400', '354204000'}
E   assert 419001814 in {'354204000', '419001422', '419001814', '538012070', '563182400'}</failure></testcase><testcase classname="tests.test_iteration27" name="test_factor_invariants" time="0.083" /><testcase classname="tests.test_iteration27" name="test_top_candidate_status" time="0.079" /><testcase classname="tests.test_iteration27" name="test_health_and_dashboard" time="0.124" /><testcase classname="tests.test_iteration27" name="test_dashboard_summary" time="0.091" /><testcase classname="tests.test_iteration27" name="test_cors_allowed_origin" time="0.114" /><testcase classname="tests.test_iteration27" name="test_cors_disallowed_origin" time="0.120" /></testsuite></testsuites>