<?xml version="1.0" encoding="utf-8"?><testsuites name="pytest tests"><testsuite name="pytest" errors="0" failures="0" skipped="0" tests="3" time="1.004" timestamp="2026-09-08T17:49:50.681089+00:00" hostname="agent-env-3f550fb1-abad-41ee-814e-df5b159dce4e"><testcase classname="tests.test_iteration13" name="test_vessel_profile_nordic_trader" time="0.671" /><testcase classname="tests.test_iteration13" name="test_vessel_profile_unknown_404" time="0.078" /><testcase classname="tests.test_iteration13" name="test_case_candidates_watchlist_scoped" time="0.199" /></testsuite></testsuites>