<?xml version="1.0" encoding="utf-8"?><testsuites name="pytest tests"><testsuite name="pytest" errors="0" failures="0" skipped="0" tests="20" time="3.581" timestamp="2026-09-05T11:15:29.746419+00:00" hostname="agent-env-3f550fb1-abad-41ee-814e-df5b159dce4e"><testcase classname="tests.test_sentinelmar_backend" name="test_stats" time="0.128" /><testcase classname="tests.test_sentinelmar_backend" name="test_cases_list_seeded" time="0.048" /><testcase classname="tests.test_sentinelmar_backend" name="test_candidates_case_001" time="0.095" /><testcase classname="tests.test_sentinelmar_backend" name="test_correlate_sync_and_reproducible" time="0.224" /><testcase classname="tests.test_sentinelmar_backend" name="test_correlate_async_polling" time="0.146" /><testcase classname="tests.test_sentinelmar_backend" name="test_correlate_params_override" time="0.260" /><testcase classname="tests.test_sentinelmar_backend" name="test_review_confirm_without_mmsi_400" time="0.096" /><testcase classname="tests.test_sentinelmar_backend" name="test_review_confirm_bad_mmsi_400" time="0.091" /><testcase classname="tests.test_sentinelmar_backend" name="test_review_unknown_reason_400" time="0.093" /><testcase classname="tests.test_sentinelmar_backend" name="test_review_confirm_success" time="0.414" /><testcase classname="tests.test_sentinelmar_backend" name="test_evidence_and_geojson" time="0.247" /><testcase classname="tests.test_sentinelmar_backend" name="test_ais_ingest_flags_and_dupes" time="0.098" /><testcase classname="tests.test_sentinelmar_backend" name="test_ais_invalid_lat" time="0.047" /><testcase classname="tests.test_sentinelmar_backend" name="test_ais_vessels_and_positions" time="0.094" /><testcase classname="tests.test_sentinelmar_backend" name="test_spill_valid_and_invalid" time="0.294" /><testcase classname="tests.test_sentinelmar_backend" name="test_scene_create_duplicate_and_detect" time="0.237" /><testcase classname="tests.test_sentinelmar_backend" name="test_alerts_ack" time="0.140" /><testcase classname="tests.test_sentinelmar_backend" name="test_jobs_list_and_404" time="0.099" /><testcase classname="tests.test_sentinelmar_backend" name="test_config_defaults" time="0.048" /><testcase classname="tests.test_sentinelmar_backend" name="test_audit_and_case_404" time="0.093" /></testsuite></testsuites>